C:\Program Files (x86)\MSBuild\Microsoft.Cpp\v4.0\V140\Microsoft.CppBuild.targets(392,5): warning MSB8028: The intermediate directory (x64\Debug\) contains files shared from another project (Armedroids.vcxproj).  This can lead to incorrect clean and rebuild behavior.
  YesBtn.cpp
c:\bullet3-2.87\src\linearmath\btidebugdraw.h(169): warning C4305: '인수': 'double'에서 'const btScalar'(으)로 잘립니다.
c:\bullet3-2.87\src\linearmath\btidebugdraw.h(170): warning C4305: '인수': 'double'에서 'const btScalar'(으)로 잘립니다.
c:\bullet3-2.87\src\linearmath\btidebugdraw.h(171): warning C4305: '인수': 'double'에서 'const btScalar'(으)로 잘립니다.
  WeaponSelector.cpp
c:\bullet3-2.87\src\linearmath\btidebugdraw.h(169): warning C4305: '인수': 'double'에서 'const btScalar'(으)로 잘립니다.
c:\bullet3-2.87\src\linearmath\btidebugdraw.h(170): warning C4305: '인수': 'double'에서 'const btScalar'(으)로 잘립니다.
c:\bullet3-2.87\src\linearmath\btidebugdraw.h(171): warning C4305: '인수': 'double'에서 'const btScalar'(으)로 잘립니다.
  WeaponImage.cpp
c:\bullet3-2.87\src\linearmath\btidebugdraw.h(169): warning C4305: '인수': 'double'에서 'const btScalar'(으)로 잘립니다.
c:\bullet3-2.87\src\linearmath\btidebugdraw.h(170): warning C4305: '인수': 'double'에서 'const btScalar'(으)로 잘립니다.
c:\bullet3-2.87\src\linearmath\btidebugdraw.h(171): warning C4305: '인수': 'double'에서 'const btScalar'(으)로 잘립니다.
  Wall.cpp
c:\bullet3-2.87\src\linearmath\btidebugdraw.h(169): warning C4305: '인수': 'double'에서 'const btScalar'(으)로 잘립니다.
c:\bullet3-2.87\src\linearmath\btidebugdraw.h(170): warning C4305: '인수': 'double'에서 'const btScalar'(으)로 잘립니다.
c:\bullet3-2.87\src\linearmath\btidebugdraw.h(171): warning C4305: '인수': 'double'에서 'const btScalar'(으)로 잘립니다.
  Vertex.cpp
c:\bullet3-2.87\src\linearmath\btidebugdraw.h(169): warning C4305: '인수': 'double'에서 'const btScalar'(으)로 잘립니다.
c:\bullet3-2.87\src\linearmath\btidebugdraw.h(170): warning C4305: '인수': 'double'에서 'const btScalar'(으)로 잘립니다.
c:\bullet3-2.87\src\linearmath\btidebugdraw.h(171): warning C4305: '인수': 'double'에서 'const btScalar'(으)로 잘립니다.
  UserButton.cpp
c:\bullet3-2.87\src\linearmath\btidebugdraw.h(169): warning C4305: '인수': 'double'에서 'const btScalar'(으)로 잘립니다.
c:\bullet3-2.87\src\linearmath\btidebugdraw.h(170): warning C4305: '인수': 'double'에서 'const btScalar'(으)로 잘립니다.
c:\bullet3-2.87\src\linearmath\btidebugdraw.h(171): warning C4305: '인수': 'double'에서 'const btScalar'(으)로 잘립니다.
  TutorialMap.cpp
c:\bullet3-2.87\src\linearmath\btidebugdraw.h(169): warning C4305: '인수': 'double'에서 'const btScalar'(으)로 잘립니다.
c:\bullet3-2.87\src\linearmath\btidebugdraw.h(170): warning C4305: '인수': 'double'에서 'const btScalar'(으)로 잘립니다.
c:\bullet3-2.87\src\linearmath\btidebugdraw.h(171): warning C4305: '인수': 'double'에서 'const btScalar'(으)로 잘립니다.
  Transform3D.cpp
c:\bullet3-2.87\src\linearmath\btidebugdraw.h(169): warning C4305: '인수': 'double'에서 'const btScalar'(으)로 잘립니다.
c:\bullet3-2.87\src\linearmath\btidebugdraw.h(170): warning C4305: '인수': 'double'에서 'const btScalar'(으)로 잘립니다.
c:\bullet3-2.87\src\linearmath\btidebugdraw.h(171): warning C4305: '인수': 'double'에서 'const btScalar'(으)로 잘립니다.
  Transform2D.cpp
c:\bullet3-2.87\src\linearmath\btidebugdraw.h(169): warning C4305: '인수': 'double'에서 'const btScalar'(으)로 잘립니다.
c:\bullet3-2.87\src\linearmath\btidebugdraw.h(170): warning C4305: '인수': 'double'에서 'const btScalar'(으)로 잘립니다.
c:\bullet3-2.87\src\linearmath\btidebugdraw.h(171): warning C4305: '인수': 'double'에서 'const btScalar'(으)로 잘립니다.
c:\users\june7\desktop\framework\armedroids\transform2d.cpp(7): warning C4244: '인수': 'int'에서 'FLOAT'(으)로 변환하면서 데이터가 손실될 수 있습니다.
  ToTitleBtn.cpp
c:\bullet3-2.87\src\linearmath\btidebugdraw.h(169): warning C4305: '인수': 'double'에서 'const btScalar'(으)로 잘립니다.
c:\bullet3-2.87\src\linearmath\btidebugdraw.h(170): warning C4305: '인수': 'double'에서 'const btScalar'(으)로 잘립니다.
c:\bullet3-2.87\src\linearmath\btidebugdraw.h(171): warning C4305: '인수': 'double'에서 'const btScalar'(으)로 잘립니다.
  ToMapBtn.cpp
c:\bullet3-2.87\src\linearmath\btidebugdraw.h(169): warning C4305: '인수': 'double'에서 'const btScalar'(으)로 잘립니다.
c:\bullet3-2.87\src\linearmath\btidebugdraw.h(170): warning C4305: '인수': 'double'에서 'const btScalar'(으)로 잘립니다.
c:\bullet3-2.87\src\linearmath\btidebugdraw.h(171): warning C4305: '인수': 'double'에서 'const btScalar'(으)로 잘립니다.
  TitleCamera.cpp
c:\bullet3-2.87\src\linearmath\btidebugdraw.h(169): warning C4305: '인수': 'double'에서 'const btScalar'(으)로 잘립니다.
c:\bullet3-2.87\src\linearmath\btidebugdraw.h(170): warning C4305: '인수': 'double'에서 'const btScalar'(으)로 잘립니다.
c:\bullet3-2.87\src\linearmath\btidebugdraw.h(171): warning C4305: '인수': 'double'에서 'const btScalar'(으)로 잘립니다.
  Title.cpp
c:\bullet3-2.87\src\linearmath\btidebugdraw.h(169): warning C4305: '인수': 'double'에서 'const btScalar'(으)로 잘립니다.
c:\bullet3-2.87\src\linearmath\btidebugdraw.h(170): warning C4305: '인수': 'double'에서 'const btScalar'(으)로 잘립니다.
c:\bullet3-2.87\src\linearmath\btidebugdraw.h(171): warning C4305: '인수': 'double'에서 'const btScalar'(으)로 잘립니다.
  TestScene.cpp
c:\bullet3-2.87\src\linearmath\btidebugdraw.h(169): warning C4305: '인수': 'double'에서 'const btScalar'(으)로 잘립니다.
c:\bullet3-2.87\src\linearmath\btidebugdraw.h(170): warning C4305: '인수': 'double'에서 'const btScalar'(으)로 잘립니다.
c:\bullet3-2.87\src\linearmath\btidebugdraw.h(171): warning C4305: '인수': 'double'에서 'const btScalar'(으)로 잘립니다.
  TestCam.cpp
c:\bullet3-2.87\src\linearmath\btidebugdraw.h(169): warning C4305: '인수': 'double'에서 'const btScalar'(으)로 잘립니다.
c:\bullet3-2.87\src\linearmath\btidebugdraw.h(170): warning C4305: '인수': 'double'에서 'const btScalar'(으)로 잘립니다.
c:\bullet3-2.87\src\linearmath\btidebugdraw.h(171): warning C4305: '인수': 'double'에서 'const btScalar'(으)로 잘립니다.
  Target.cpp
c:\bullet3-2.87\src\linearmath\btidebugdraw.h(169): warning C4305: '인수': 'double'에서 'const btScalar'(으)로 잘립니다.
c:\bullet3-2.87\src\linearmath\btidebugdraw.h(170): warning C4305: '인수': 'double'에서 'const btScalar'(으)로 잘립니다.
c:\bullet3-2.87\src\linearmath\btidebugdraw.h(171): warning C4305: '인수': 'double'에서 'const btScalar'(으)로 잘립니다.
  StaticMesh.cpp
c:\bullet3-2.87\src\linearmath\btidebugdraw.h(169): warning C4305: '인수': 'double'에서 'const btScalar'(으)로 잘립니다.
c:\bullet3-2.87\src\linearmath\btidebugdraw.h(170): warning C4305: '인수': 'double'에서 'const btScalar'(으)로 잘립니다.
c:\bullet3-2.87\src\linearmath\btidebugdraw.h(171): warning C4305: '인수': 'double'에서 'const btScalar'(으)로 잘립니다.
  StartBtn.cpp
c:\bullet3-2.87\src\linearmath\btidebugdraw.h(169): warning C4305: '인수': 'double'에서 'const btScalar'(으)로 잘립니다.
c:\bullet3-2.87\src\linearmath\btidebugdraw.h(170): warning C4305: '인수': 'double'에서 'const btScalar'(으)로 잘립니다.
c:\bullet3-2.87\src\linearmath\btidebugdraw.h(171): warning C4305: '인수': 'double'에서 'const btScalar'(으)로 잘립니다.
  Image.cpp
c:\bullet3-2.87\src\linearmath\btidebugdraw.h(169): warning C4305: '인수': 'double'에서 'const btScalar'(으)로 잘립니다.
c:\bullet3-2.87\src\linearmath\btidebugdraw.h(170): warning C4305: '인수': 'double'에서 'const btScalar'(으)로 잘립니다.
c:\bullet3-2.87\src\linearmath\btidebugdraw.h(171): warning C4305: '인수': 'double'에서 'const btScalar'(으)로 잘립니다.
c:\users\june7\desktop\framework\armedroids\image.cpp(65): warning C4244: '=': 'FLOAT'에서 'LONG'(으)로 변환하면서 데이터가 손실될 수 있습니다.
c:\users\june7\desktop\framework\armedroids\image.cpp(66): warning C4244: '=': 'FLOAT'에서 'LONG'(으)로 변환하면서 데이터가 손실될 수 있습니다.
c:\users\june7\desktop\framework\armedroids\image.cpp(67): warning C4244: '=': 'FLOAT'에서 'LONG'(으)로 변환하면서 데이터가 손실될 수 있습니다.
c:\users\june7\desktop\framework\armedroids\image.cpp(68): warning C4244: '=': 'FLOAT'에서 'LONG'(으)로 변환하면서 데이터가 손실될 수 있습니다.
  Skybox.cpp
c:\bullet3-2.87\src\linearmath\btidebugdraw.h(169): warning C4305: '인수': 'double'에서 'const btScalar'(으)로 잘립니다.
c:\bullet3-2.87\src\linearmath\btidebugdraw.h(170): warning C4305: '인수': 'double'에서 'const btScalar'(으)로 잘립니다.
c:\bullet3-2.87\src\linearmath\btidebugdraw.h(171): warning C4305: '인수': 'double'에서 'const btScalar'(으)로 잘립니다.
  코드를 생성하고 있습니다...
  컴파일하고 있습니다...
  SkinnedMesh.cpp
c:\bullet3-2.87\src\linearmath\btidebugdraw.h(169): warning C4305: '인수': 'double'에서 'const btScalar'(으)로 잘립니다.
c:\bullet3-2.87\src\linearmath\btidebugdraw.h(170): warning C4305: '인수': 'double'에서 'const btScalar'(으)로 잘립니다.
c:\bullet3-2.87\src\linearmath\btidebugdraw.h(171): warning C4305: '인수': 'double'에서 'const btScalar'(으)로 잘립니다.
c:\users\june7\desktop\framework\armedroids\skinnedmesh.cpp(279): warning C4018: '<': signed 또는 unsigned가 일치하지 않습니다.
  SinkBtn.cpp
c:\bullet3-2.87\src\linearmath\btidebugdraw.h(169): warning C4305: '인수': 'double'에서 'const btScalar'(으)로 잘립니다.
c:\bullet3-2.87\src\linearmath\btidebugdraw.h(170): warning C4305: '인수': 'double'에서 'const btScalar'(으)로 잘립니다.
c:\bullet3-2.87\src\linearmath\btidebugdraw.h(171): warning C4305: '인수': 'double'에서 'const btScalar'(으)로 잘립니다.
  Sink.cpp
c:\bullet3-2.87\src\linearmath\btidebugdraw.h(169): warning C4305: '인수': 'double'에서 'const btScalar'(으)로 잘립니다.
c:\bullet3-2.87\src\linearmath\btidebugdraw.h(170): warning C4305: '인수': 'double'에서 'const btScalar'(으)로 잘립니다.
c:\bullet3-2.87\src\linearmath\btidebugdraw.h(171): warning C4305: '인수': 'double'에서 'const btScalar'(으)로 잘립니다.
  SharkPatrolState.cpp
c:\bullet3-2.87\src\linearmath\btidebugdraw.h(169): warning C4305: '인수': 'double'에서 'const btScalar'(으)로 잘립니다.
c:\bullet3-2.87\src\linearmath\btidebugdraw.h(170): warning C4305: '인수': 'double'에서 'const btScalar'(으)로 잘립니다.
c:\bullet3-2.87\src\linearmath\btidebugdraw.h(171): warning C4305: '인수': 'double'에서 'const btScalar'(으)로 잘립니다.
  SharkChaseState.cpp
c:\bullet3-2.87\src\linearmath\btidebugdraw.h(169): warning C4305: '인수': 'double'에서 'const btScalar'(으)로 잘립니다.
c:\bullet3-2.87\src\linearmath\btidebugdraw.h(170): warning C4305: '인수': 'double'에서 'const btScalar'(으)로 잘립니다.
c:\bullet3-2.87\src\linearmath\btidebugdraw.h(171): warning C4305: '인수': 'double'에서 'const btScalar'(으)로 잘립니다.
  SharkAttackState.cpp
c:\bullet3-2.87\src\linearmath\btidebugdraw.h(169): warning C4305: '인수': 'double'에서 'const btScalar'(으)로 잘립니다.
c:\bullet3-2.87\src\linearmath\btidebugdraw.h(170): warning C4305: '인수': 'double'에서 'const btScalar'(으)로 잘립니다.
c:\bullet3-2.87\src\linearmath\btidebugdraw.h(171): warning C4305: '인수': 'double'에서 'const btScalar'(으)로 잘립니다.
  Shark.cpp
c:\bullet3-2.87\src\linearmath\btidebugdraw.h(169): warning C4305: '인수': 'double'에서 'const btScalar'(으)로 잘립니다.
c:\bullet3-2.87\src\linearmath\btidebugdraw.h(170): warning C4305: '인수': 'double'에서 'const btScalar'(으)로 잘립니다.
c:\bullet3-2.87\src\linearmath\btidebugdraw.h(171): warning C4305: '인수': 'double'에서 'const btScalar'(으)로 잘립니다.
c:\users\june7\desktop\framework\armedroids\shark.cpp(66): warning C4244: '+=': 'double'에서 'float'(으)로 변환하면서 데이터가 손실될 수 있습니다.
c:\users\june7\desktop\framework\armedroids\shark.cpp(119): warning C4244: '인수': 'double'에서 'FLOAT'(으)로 변환하면서 데이터가 손실될 수 있습니다.
c:\users\june7\desktop\framework\armedroids\shark.cpp(165): warning C4244: '인수': 'double'에서 'FLOAT'(으)로 변환하면서 데이터가 손실될 수 있습니다.
  SettingBtn.cpp
c:\bullet3-2.87\src\linearmath\btidebugdraw.h(169): warning C4305: '인수': 'double'에서 'const btScalar'(으)로 잘립니다.
c:\bullet3-2.87\src\linearmath\btidebugdraw.h(170): warning C4305: '인수': 'double'에서 'const btScalar'(으)로 잘립니다.
c:\bullet3-2.87\src\linearmath\btidebugdraw.h(171): warning C4305: '인수': 'double'에서 'const btScalar'(으)로 잘립니다.
  Script.cpp
c:\bullet3-2.87\src\linearmath\btidebugdraw.h(169): warning C4305: '인수': 'double'에서 'const btScalar'(으)로 잘립니다.
c:\bullet3-2.87\src\linearmath\btidebugdraw.h(170): warning C4305: '인수': 'double'에서 'const btScalar'(으)로 잘립니다.
c:\bullet3-2.87\src\linearmath\btidebugdraw.h(171): warning C4305: '인수': 'double'에서 'const btScalar'(으)로 잘립니다.
  SceneManager.cpp
c:\bullet3-2.87\src\linearmath\btidebugdraw.h(169): warning C4305: '인수': 'double'에서 'const btScalar'(으)로 잘립니다.
c:\bullet3-2.87\src\linearmath\btidebugdraw.h(170): warning C4305: '인수': 'double'에서 'const btScalar'(으)로 잘립니다.
c:\bullet3-2.87\src\linearmath\btidebugdraw.h(171): warning C4305: '인수': 'double'에서 'const btScalar'(으)로 잘립니다.
  Scene.cpp
c:\bullet3-2.87\src\linearmath\btidebugdraw.h(169): warning C4305: '인수': 'double'에서 'const btScalar'(으)로 잘립니다.
c:\bullet3-2.87\src\linearmath\btidebugdraw.h(170): warning C4305: '인수': 'double'에서 'const btScalar'(으)로 잘립니다.
c:\bullet3-2.87\src\linearmath\btidebugdraw.h(171): warning C4305: '인수': 'double'에서 'const btScalar'(으)로 잘립니다.
c:\users\june7\desktop\framework\armedroids\scene.cpp(183): warning C4244: '인수': 'double'에서 'btScalar'(으)로 변환하면서 데이터가 손실될 수 있습니다.
  main.cpp
c:\bullet3-2.87\src\linearmath\btidebugdraw.h(169): warning C4305: '인수': 'double'에서 'const btScalar'(으)로 잘립니다.
c:\bullet3-2.87\src\linearmath\btidebugdraw.h(170): warning C4305: '인수': 'double'에서 'const btScalar'(으)로 잘립니다.
c:\bullet3-2.87\src\linearmath\btidebugdraw.h(171): warning C4305: '인수': 'double'에서 'const btScalar'(으)로 잘립니다.
c:\users\june7\desktop\framework\armedroids\main.cpp(101): warning C4244: '인수': 'WPARAM'에서 'char'(으)로 변환하면서 데이터가 손실될 수 있습니다.
  InputManager.cpp
c:\bullet3-2.87\src\linearmath\btidebugdraw.h(169): warning C4305: '인수': 'double'에서 'const btScalar'(으)로 잘립니다.
c:\bullet3-2.87\src\linearmath\btidebugdraw.h(170): warning C4305: '인수': 'double'에서 'const btScalar'(으)로 잘립니다.
c:\bullet3-2.87\src\linearmath\btidebugdraw.h(171): warning C4305: '인수': 'double'에서 'const btScalar'(으)로 잘립니다.
c:\users\june7\desktop\framework\armedroids\inputmanager.cpp(48): warning C4244: '인수': 'LONG'에서 'FLOAT'(으)로 변환하면서 데이터가 손실될 수 있습니다.
  GameObject.cpp
c:\bullet3-2.87\src\linearmath\btidebugdraw.h(169): warning C4305: '인수': 'double'에서 'const btScalar'(으)로 잘립니다.
c:\bullet3-2.87\src\linearmath\btidebugdraw.h(170): warning C4305: '인수': 'double'에서 'const btScalar'(으)로 잘립니다.
c:\bullet3-2.87\src\linearmath\btidebugdraw.h(171): warning C4305: '인수': 'double'에서 'const btScalar'(으)로 잘립니다.
  GameCharecter.cpp
c:\bullet3-2.87\src\linearmath\btidebugdraw.h(169): warning C4305: '인수': 'double'에서 'const btScalar'(으)로 잘립니다.
c:\bullet3-2.87\src\linearmath\btidebugdraw.h(170): warning C4305: '인수': 'double'에서 'const btScalar'(으)로 잘립니다.
c:\bullet3-2.87\src\linearmath\btidebugdraw.h(171): warning C4305: '인수': 'double'에서 'const btScalar'(으)로 잘립니다.
c:\users\june7\desktop\framework\armedroids\gamecharecter.cpp(30): warning C4244: '인수': 'double'에서 'FLOAT'(으)로 변환하면서 데이터가 손실될 수 있습니다.
c:\users\june7\desktop\framework\armedroids\gamecharecter.cpp(49): warning C4244: '인수': 'double'에서 'FLOAT'(으)로 변환하면서 데이터가 손실될 수 있습니다.
c:\users\june7\desktop\framework\armedroids\gamecharecter.cpp(69): warning C4244: '인수': 'double'에서 'FLOAT'(으)로 변환하면서 데이터가 손실될 수 있습니다.
c:\users\june7\desktop\framework\armedroids\gamecharecter.cpp(86): warning C4244: '인수': 'double'에서 'FLOAT'(으)로 변환하면서 데이터가 손실될 수 있습니다.
c:\users\june7\desktop\framework\armedroids\gamecharecter.cpp(254): warning C4244: '=': 'float'에서 'int'(으)로 변환하면서 데이터가 손실될 수 있습니다.
  Component.cpp
c:\bullet3-2.87\src\linearmath\btidebugdraw.h(169): warning C4305: '인수': 'double'에서 'const btScalar'(으)로 잘립니다.
c:\bullet3-2.87\src\linearmath\btidebugdraw.h(170): warning C4305: '인수': 'double'에서 'const btScalar'(으)로 잘립니다.
c:\bullet3-2.87\src\linearmath\btidebugdraw.h(171): warning C4305: '인수': 'double'에서 'const btScalar'(으)로 잘립니다.
  Camera.cpp
c:\bullet3-2.87\src\linearmath\btidebugdraw.h(169): warning C4305: '인수': 'double'에서 'const btScalar'(으)로 잘립니다.
c:\bullet3-2.87\src\linearmath\btidebugdraw.h(170): warning C4305: '인수': 'double'에서 'const btScalar'(으)로 잘립니다.
c:\bullet3-2.87\src\linearmath\btidebugdraw.h(171): warning C4305: '인수': 'double'에서 'const btScalar'(으)로 잘립니다.
c:\users\june7\desktop\framework\armedroids\camera.cpp(65): warning C4244: '인수': 'int'에서 'FLOAT'(으)로 변환하면서 데이터가 손실될 수 있습니다.
c:\users\june7\desktop\framework\armedroids\camera.cpp(67): warning C4244: '인수': 'int'에서 'FLOAT'(으)로 변환하면서 데이터가 손실될 수 있습니다.
c:\users\june7\desktop\framework\armedroids\camera.cpp(96): warning C4244: '인수': 'int'에서 'FLOAT'(으)로 변환하면서 데이터가 손실될 수 있습니다.
c:\users\june7\desktop\framework\armedroids\camera.cpp(98): warning C4244: '인수': 'int'에서 'FLOAT'(으)로 변환하면서 데이터가 손실될 수 있습니다.
c:\users\june7\desktop\framework\armedroids\camera.cpp(127): warning C4244: '인수': 'int'에서 'FLOAT'(으)로 변환하면서 데이터가 손실될 수 있습니다.
c:\users\june7\desktop\framework\armedroids\camera.cpp(129): warning C4244: '인수': 'int'에서 'FLOAT'(으)로 변환하면서 데이터가 손실될 수 있습니다.
  RestartBtn.cpp
c:\bullet3-2.87\src\linearmath\btidebugdraw.h(169): warning C4305: '인수': 'double'에서 'const btScalar'(으)로 잘립니다.
c:\bullet3-2.87\src\linearmath\btidebugdraw.h(170): warning C4305: '인수': 'double'에서 'const btScalar'(으)로 잘립니다.
c:\bullet3-2.87\src\linearmath\btidebugdraw.h(171): warning C4305: '인수': 'double'에서 'const btScalar'(으)로 잘립니다.
  QuitWindow.cpp
c:\bullet3-2.87\src\linearmath\btidebugdraw.h(169): warning C4305: '인수': 'double'에서 'const btScalar'(으)로 잘립니다.
c:\bullet3-2.87\src\linearmath\btidebugdraw.h(170): warning C4305: '인수': 'double'에서 'const btScalar'(으)로 잘립니다.
c:\bullet3-2.87\src\linearmath\btidebugdraw.h(171): warning C4305: '인수': 'double'에서 'const btScalar'(으)로 잘립니다.
  QuitBtn.cpp
c:\bullet3-2.87\src\linearmath\btidebugdraw.h(169): warning C4305: '인수': 'double'에서 'const btScalar'(으)로 잘립니다.
c:\bullet3-2.87\src\linearmath\btidebugdraw.h(170): warning C4305: '인수': 'double'에서 'const btScalar'(으)로 잘립니다.
c:\bullet3-2.87\src\linearmath\btidebugdraw.h(171): warning C4305: '인수': 'double'에서 'const btScalar'(으)로 잘립니다.
  코드를 생성하고 있습니다...
c:\users\june7\desktop\framework\armedroids\gameobject.cpp(160): warning C4715: 'CompEngine::GameObject::FindChildByTag': 모든 제어 경로에서 값을 반환하지는 않습니다.
c:\users\june7\desktop\framework\armedroids\scene.cpp(318): warning C4715: 'CompEngine::Scene::GetCurrentCamera': 모든 제어 경로에서 값을 반환하지는 않습니다.
  컴파일하고 있습니다...
  Plane.cpp
c:\bullet3-2.87\src\linearmath\btidebugdraw.h(169): warning C4305: '인수': 'double'에서 'const btScalar'(으)로 잘립니다.
c:\bullet3-2.87\src\linearmath\btidebugdraw.h(170): warning C4305: '인수': 'double'에서 'const btScalar'(으)로 잘립니다.
c:\bullet3-2.87\src\linearmath\btidebugdraw.h(171): warning C4305: '인수': 'double'에서 'const btScalar'(으)로 잘립니다.
  PirateHoldState.cpp
c:\bullet3-2.87\src\linearmath\btidebugdraw.h(169): warning C4305: '인수': 'double'에서 'const btScalar'(으)로 잘립니다.
c:\bullet3-2.87\src\linearmath\btidebugdraw.h(170): warning C4305: '인수': 'double'에서 'const btScalar'(으)로 잘립니다.
c:\bullet3-2.87\src\linearmath\btidebugdraw.h(171): warning C4305: '인수': 'double'에서 'const btScalar'(으)로 잘립니다.
  PirateChaseState.cpp
c:\bullet3-2.87\src\linearmath\btidebugdraw.h(169): warning C4305: '인수': 'double'에서 'const btScalar'(으)로 잘립니다.
c:\bullet3-2.87\src\linearmath\btidebugdraw.h(170): warning C4305: '인수': 'double'에서 'const btScalar'(으)로 잘립니다.
c:\bullet3-2.87\src\linearmath\btidebugdraw.h(171): warning C4305: '인수': 'double'에서 'const btScalar'(으)로 잘립니다.
  PirateAttackState.cpp
c:\bullet3-2.87\src\linearmath\btidebugdraw.h(169): warning C4305: '인수': 'double'에서 'const btScalar'(으)로 잘립니다.
c:\bullet3-2.87\src\linearmath\btidebugdraw.h(170): warning C4305: '인수': 'double'에서 'const btScalar'(으)로 잘립니다.
c:\bullet3-2.87\src\linearmath\btidebugdraw.h(171): warning C4305: '인수': 'double'에서 'const btScalar'(으)로 잘립니다.
  Pirate.cpp
c:\bullet3-2.87\src\linearmath\btidebugdraw.h(169): warning C4305: '인수': 'double'에서 'const btScalar'(으)로 잘립니다.
c:\bullet3-2.87\src\linearmath\btidebugdraw.h(170): warning C4305: '인수': 'double'에서 'const btScalar'(으)로 잘립니다.
c:\bullet3-2.87\src\linearmath\btidebugdraw.h(171): warning C4305: '인수': 'double'에서 'const btScalar'(으)로 잘립니다.
c:\users\june7\desktop\framework\armedroids\pirate.cpp(66): warning C4244: '+=': 'double'에서 'float'(으)로 변환하면서 데이터가 손실될 수 있습니다.
c:\users\june7\desktop\framework\armedroids\pirate.cpp(101): warning C4244: '인수': 'double'에서 'FLOAT'(으)로 변환하면서 데이터가 손실될 수 있습니다.
c:\users\june7\desktop\framework\armedroids\pirate.cpp(111): warning C4244: '인수': 'double'에서 'FLOAT'(으)로 변환하면서 데이터가 손실될 수 있습니다.
  NoBtn.cpp
c:\bullet3-2.87\src\linearmath\btidebugdraw.h(169): warning C4305: '인수': 'double'에서 'const btScalar'(으)로 잘립니다.
c:\bullet3-2.87\src\linearmath\btidebugdraw.h(170): warning C4305: '인수': 'double'에서 'const btScalar'(으)로 잘립니다.
c:\bullet3-2.87\src\linearmath\btidebugdraw.h(171): warning C4305: '인수': 'double'에서 'const btScalar'(으)로 잘립니다.
  MGunMask.cpp
c:\bullet3-2.87\src\linearmath\btidebugdraw.h(169): warning C4305: '인수': 'double'에서 'const btScalar'(으)로 잘립니다.
c:\bullet3-2.87\src\linearmath\btidebugdraw.h(170): warning C4305: '인수': 'double'에서 'const btScalar'(으)로 잘립니다.
c:\bullet3-2.87\src\linearmath\btidebugdraw.h(171): warning C4305: '인수': 'double'에서 'const btScalar'(으)로 잘립니다.
c:\users\june7\desktop\framework\armedroids\mgunmask.cpp(45): warning C4244: '-=': 'double'에서 'float'(으)로 변환하면서 데이터가 손실될 수 있습니다.
  MapSeclect.cpp
c:\bullet3-2.87\src\linearmath\btidebugdraw.h(169): warning C4305: '인수': 'double'에서 'const btScalar'(으)로 잘립니다.
c:\bullet3-2.87\src\linearmath\btidebugdraw.h(170): warning C4305: '인수': 'double'에서 'const btScalar'(으)로 잘립니다.
c:\bullet3-2.87\src\linearmath\btidebugdraw.h(171): warning C4305: '인수': 'double'에서 'const btScalar'(으)로 잘립니다.
  MapImg.cpp
c:\bullet3-2.87\src\linearmath\btidebugdraw.h(169): warning C4305: '인수': 'double'에서 'const btScalar'(으)로 잘립니다.
c:\bullet3-2.87\src\linearmath\btidebugdraw.h(170): warning C4305: '인수': 'double'에서 'const btScalar'(으)로 잘립니다.
c:\bullet3-2.87\src\linearmath\btidebugdraw.h(171): warning C4305: '인수': 'double'에서 'const btScalar'(으)로 잘립니다.
  Machinegun.cpp
c:\bullet3-2.87\src\linearmath\btidebugdraw.h(169): warning C4305: '인수': 'double'에서 'const btScalar'(으)로 잘립니다.
c:\bullet3-2.87\src\linearmath\btidebugdraw.h(170): warning C4305: '인수': 'double'에서 'const btScalar'(으)로 잘립니다.
c:\bullet3-2.87\src\linearmath\btidebugdraw.h(171): warning C4305: '인수': 'double'에서 'const btScalar'(으)로 잘립니다.
  IShader.cpp
c:\bullet3-2.87\src\linearmath\btidebugdraw.h(169): warning C4305: '인수': 'double'에서 'const btScalar'(으)로 잘립니다.
c:\bullet3-2.87\src\linearmath\btidebugdraw.h(170): warning C4305: '인수': 'double'에서 'const btScalar'(으)로 잘립니다.
c:\bullet3-2.87\src\linearmath\btidebugdraw.h(171): warning C4305: '인수': 'double'에서 'const btScalar'(으)로 잘립니다.
  InGameBasin.cpp
c:\bullet3-2.87\src\linearmath\btidebugdraw.h(169): warning C4305: '인수': 'double'에서 'const btScalar'(으)로 잘립니다.
c:\bullet3-2.87\src\linearmath\btidebugdraw.h(170): warning C4305: '인수': 'double'에서 'const btScalar'(으)로 잘립니다.
c:\bullet3-2.87\src\linearmath\btidebugdraw.h(171): warning C4305: '인수': 'double'에서 'const btScalar'(으)로 잘립니다.
  G_Val.cpp
c:\bullet3-2.87\src\linearmath\btidebugdraw.h(169): warning C4305: '인수': 'double'에서 'const btScalar'(으)로 잘립니다.
c:\bullet3-2.87\src\linearmath\btidebugdraw.h(170): warning C4305: '인수': 'double'에서 'const btScalar'(으)로 잘립니다.
c:\bullet3-2.87\src\linearmath\btidebugdraw.h(171): warning C4305: '인수': 'double'에서 'const btScalar'(으)로 잘립니다.
  GameOverWindow.cpp
c:\bullet3-2.87\src\linearmath\btidebugdraw.h(169): warning C4305: '인수': 'double'에서 'const btScalar'(으)로 잘립니다.
c:\bullet3-2.87\src\linearmath\btidebugdraw.h(170): warning C4305: '인수': 'double'에서 'const btScalar'(으)로 잘립니다.
c:\bullet3-2.87\src\linearmath\btidebugdraw.h(171): warning C4305: '인수': 'double'에서 'const btScalar'(으)로 잘립니다.
  GameManager.cpp
c:\bullet3-2.87\src\linearmath\btidebugdraw.h(169): warning C4305: '인수': 'double'에서 'const btScalar'(으)로 잘립니다.
c:\bullet3-2.87\src\linearmath\btidebugdraw.h(170): warning C4305: '인수': 'double'에서 'const btScalar'(으)로 잘립니다.
c:\bullet3-2.87\src\linearmath\btidebugdraw.h(171): warning C4305: '인수': 'double'에서 'const btScalar'(으)로 잘립니다.
  GameMain.cpp
c:\bullet3-2.87\src\linearmath\btidebugdraw.h(169): warning C4305: '인수': 'double'에서 'const btScalar'(으)로 잘립니다.
c:\bullet3-2.87\src\linearmath\btidebugdraw.h(170): warning C4305: '인수': 'double'에서 'const btScalar'(으)로 잘립니다.
c:\bullet3-2.87\src\linearmath\btidebugdraw.h(171): warning C4305: '인수': 'double'에서 'const btScalar'(으)로 잘립니다.
  FireImg.cpp
c:\bullet3-2.87\src\linearmath\btidebugdraw.h(169): warning C4305: '인수': 'double'에서 'const btScalar'(으)로 잘립니다.
c:\bullet3-2.87\src\linearmath\btidebugdraw.h(170): warning C4305: '인수': 'double'에서 'const btScalar'(으)로 잘립니다.
c:\bullet3-2.87\src\linearmath\btidebugdraw.h(171): warning C4305: '인수': 'double'에서 'const btScalar'(으)로 잘립니다.
  EnterBtn.cpp
c:\bullet3-2.87\src\linearmath\btidebugdraw.h(169): warning C4305: '인수': 'double'에서 'const btScalar'(으)로 잘립니다.
c:\bullet3-2.87\src\linearmath\btidebugdraw.h(170): warning C4305: '인수': 'double'에서 'const btScalar'(으)로 잘립니다.
c:\bullet3-2.87\src\linearmath\btidebugdraw.h(171): warning C4305: '인수': 'double'에서 'const btScalar'(으)로 잘립니다.
  DrawShape.cpp
c:\bullet3-2.87\src\linearmath\btidebugdraw.h(169): warning C4305: '인수': 'double'에서 'const btScalar'(으)로 잘립니다.
c:\bullet3-2.87\src\linearmath\btidebugdraw.h(170): warning C4305: '인수': 'double'에서 'const btScalar'(으)로 잘립니다.
c:\bullet3-2.87\src\linearmath\btidebugdraw.h(171): warning C4305: '인수': 'double'에서 'const btScalar'(으)로 잘립니다.
  DebugDraw.cpp
c:\bullet3-2.87\src\linearmath\btidebugdraw.h(169): warning C4305: '인수': 'double'에서 'const btScalar'(으)로 잘립니다.
c:\bullet3-2.87\src\linearmath\btidebugdraw.h(170): warning C4305: '인수': 'double'에서 'const btScalar'(으)로 잘립니다.
c:\bullet3-2.87\src\linearmath\btidebugdraw.h(171): warning C4305: '인수': 'double'에서 'const btScalar'(으)로 잘립니다.
c:\users\june7\desktop\framework\armedroids\debugdraw.cpp(23): warning C4267: '인수': 'size_t'에서 'UINT'(으)로 변환하면서 데이터가 손실될 수 있습니다.
  코드를 생성하고 있습니다...
  컴파일하고 있습니다...
  CreditsWindow.cpp
c:\bullet3-2.87\src\linearmath\btidebugdraw.h(169): warning C4305: '인수': 'double'에서 'const btScalar'(으)로 잘립니다.
c:\bullet3-2.87\src\linearmath\btidebugdraw.h(170): warning C4305: '인수': 'double'에서 'const btScalar'(으)로 잘립니다.
c:\bullet3-2.87\src\linearmath\btidebugdraw.h(171): warning C4305: '인수': 'double'에서 'const btScalar'(으)로 잘립니다.
  ControlTutorial.cpp
c:\bullet3-2.87\src\linearmath\btidebugdraw.h(169): warning C4305: '인수': 'double'에서 'const btScalar'(으)로 잘립니다.
c:\bullet3-2.87\src\linearmath\btidebugdraw.h(170): warning C4305: '인수': 'double'에서 'const btScalar'(으)로 잘립니다.
c:\bullet3-2.87\src\linearmath\btidebugdraw.h(171): warning C4305: '인수': 'double'에서 'const btScalar'(으)로 잘립니다.
  ControlImg.cpp
c:\bullet3-2.87\src\linearmath\btidebugdraw.h(169): warning C4305: '인수': 'double'에서 'const btScalar'(으)로 잘립니다.
c:\bullet3-2.87\src\linearmath\btidebugdraw.h(170): warning C4305: '인수': 'double'에서 'const btScalar'(으)로 잘립니다.
c:\bullet3-2.87\src\linearmath\btidebugdraw.h(171): warning C4305: '인수': 'double'에서 'const btScalar'(으)로 잘립니다.
  ContinueBtn.cpp
c:\bullet3-2.87\src\linearmath\btidebugdraw.h(169): warning C4305: '인수': 'double'에서 'const btScalar'(으)로 잘립니다.
c:\bullet3-2.87\src\linearmath\btidebugdraw.h(170): warning C4305: '인수': 'double'에서 'const btScalar'(으)로 잘립니다.
c:\bullet3-2.87\src\linearmath\btidebugdraw.h(171): warning C4305: '인수': 'double'에서 'const btScalar'(으)로 잘립니다.
  CollisionEventSphere.cpp
c:\bullet3-2.87\src\linearmath\btidebugdraw.h(169): warning C4305: '인수': 'double'에서 'const btScalar'(으)로 잘립니다.
c:\bullet3-2.87\src\linearmath\btidebugdraw.h(170): warning C4305: '인수': 'double'에서 'const btScalar'(으)로 잘립니다.
c:\bullet3-2.87\src\linearmath\btidebugdraw.h(171): warning C4305: '인수': 'double'에서 'const btScalar'(으)로 잘립니다.
  CloseBtn.cpp
c:\bullet3-2.87\src\linearmath\btidebugdraw.h(169): warning C4305: '인수': 'double'에서 'const btScalar'(으)로 잘립니다.
c:\bullet3-2.87\src\linearmath\btidebugdraw.h(170): warning C4305: '인수': 'double'에서 'const btScalar'(으)로 잘립니다.
c:\bullet3-2.87\src\linearmath\btidebugdraw.h(171): warning C4305: '인수': 'double'에서 'const btScalar'(으)로 잘립니다.
  Clear.cpp
c:\bullet3-2.87\src\linearmath\btidebugdraw.h(169): warning C4305: '인수': 'double'에서 'const btScalar'(으)로 잘립니다.
c:\bullet3-2.87\src\linearmath\btidebugdraw.h(170): warning C4305: '인수': 'double'에서 'const btScalar'(으)로 잘립니다.
c:\bullet3-2.87\src\linearmath\btidebugdraw.h(171): warning C4305: '인수': 'double'에서 'const btScalar'(으)로 잘립니다.
  Button.cpp
c:\bullet3-2.87\src\linearmath\btidebugdraw.h(169): warning C4305: '인수': 'double'에서 'const btScalar'(으)로 잘립니다.
c:\bullet3-2.87\src\linearmath\btidebugdraw.h(170): warning C4305: '인수': 'double'에서 'const btScalar'(으)로 잘립니다.
c:\bullet3-2.87\src\linearmath\btidebugdraw.h(171): warning C4305: '인수': 'double'에서 'const btScalar'(으)로 잘립니다.
c:\users\june7\desktop\framework\armedroids\button.cpp(48): warning C4244: '초기화 중': 'FLOAT'에서 'int'(으)로 변환하면서 데이터가 손실될 수 있습니다.
c:\users\june7\desktop\framework\armedroids\button.cpp(49): warning C4244: '초기화 중': 'FLOAT'에서 'int'(으)로 변환하면서 데이터가 손실될 수 있습니다.
c:\users\june7\desktop\framework\armedroids\button.cpp(143): warning C4244: '=': 'FLOAT'에서 'LONG'(으)로 변환하면서 데이터가 손실될 수 있습니다.
c:\users\june7\desktop\framework\armedroids\button.cpp(144): warning C4244: '=': 'FLOAT'에서 'LONG'(으)로 변환하면서 데이터가 손실될 수 있습니다.
c:\users\june7\desktop\framework\armedroids\button.cpp(145): warning C4244: '=': 'FLOAT'에서 'LONG'(으)로 변환하면서 데이터가 손실될 수 있습니다.
c:\users\june7\desktop\framework\armedroids\button.cpp(146): warning C4244: '=': 'FLOAT'에서 'LONG'(으)로 변환하면서 데이터가 손실될 수 있습니다.
  Bullet.cpp
c:\bullet3-2.87\src\linearmath\btidebugdraw.h(169): warning C4305: '인수': 'double'에서 'const btScalar'(으)로 잘립니다.
c:\bullet3-2.87\src\linearmath\btidebugdraw.h(170): warning C4305: '인수': 'double'에서 'const btScalar'(으)로 잘립니다.
c:\bullet3-2.87\src\linearmath\btidebugdraw.h(171): warning C4305: '인수': 'double'에서 'const btScalar'(으)로 잘립니다.
  Box.cpp
c:\bullet3-2.87\src\linearmath\btidebugdraw.h(169): warning C4305: '인수': 'double'에서 'const btScalar'(으)로 잘립니다.
c:\bullet3-2.87\src\linearmath\btidebugdraw.h(170): warning C4305: '인수': 'double'에서 'const btScalar'(으)로 잘립니다.
c:\bullet3-2.87\src\linearmath\btidebugdraw.h(171): warning C4305: '인수': 'double'에서 'const btScalar'(으)로 잘립니다.
  Bowgun.cpp
c:\bullet3-2.87\src\linearmath\btidebugdraw.h(169): warning C4305: '인수': 'double'에서 'const btScalar'(으)로 잘립니다.
c:\bullet3-2.87\src\linearmath\btidebugdraw.h(170): warning C4305: '인수': 'double'에서 'const btScalar'(으)로 잘립니다.
c:\bullet3-2.87\src\linearmath\btidebugdraw.h(171): warning C4305: '인수': 'double'에서 'const btScalar'(으)로 잘립니다.
  BoneHierarchyLoader.cpp
c:\bullet3-2.87\src\linearmath\btidebugdraw.h(169): warning C4305: '인수': 'double'에서 'const btScalar'(으)로 잘립니다.
c:\bullet3-2.87\src\linearmath\btidebugdraw.h(170): warning C4305: '인수': 'double'에서 'const btScalar'(으)로 잘립니다.
c:\bullet3-2.87\src\linearmath\btidebugdraw.h(171): warning C4305: '인수': 'double'에서 'const btScalar'(으)로 잘립니다.
c:\users\june7\desktop\framework\armedroids\bonehierarchyloader.cpp(77): warning C4018: '<': signed 또는 unsigned가 일치하지 않습니다.
  BGunMask.cpp
c:\bullet3-2.87\src\linearmath\btidebugdraw.h(169): warning C4305: '인수': 'double'에서 'const btScalar'(으)로 잘립니다.
c:\bullet3-2.87\src\linearmath\btidebugdraw.h(170): warning C4305: '인수': 'double'에서 'const btScalar'(으)로 잘립니다.
c:\bullet3-2.87\src\linearmath\btidebugdraw.h(171): warning C4305: '인수': 'double'에서 'const btScalar'(으)로 잘립니다.
c:\users\june7\desktop\framework\armedroids\bgunmask.cpp(45): warning C4244: '-=': 'double'에서 'float'(으)로 변환하면서 데이터가 손실될 수 있습니다.
  BasinMap.cpp
c:\bullet3-2.87\src\linearmath\btidebugdraw.h(169): warning C4305: '인수': 'double'에서 'const btScalar'(으)로 잘립니다.
c:\bullet3-2.87\src\linearmath\btidebugdraw.h(170): warning C4305: '인수': 'double'에서 'const btScalar'(으)로 잘립니다.
c:\bullet3-2.87\src\linearmath\btidebugdraw.h(171): warning C4305: '인수': 'double'에서 'const btScalar'(으)로 잘립니다.
  BasinBtn.cpp
c:\bullet3-2.87\src\linearmath\btidebugdraw.h(169): warning C4305: '인수': 'double'에서 'const btScalar'(으)로 잘립니다.
c:\bullet3-2.87\src\linearmath\btidebugdraw.h(170): warning C4305: '인수': 'double'에서 'const btScalar'(으)로 잘립니다.
c:\bullet3-2.87\src\linearmath\btidebugdraw.h(171): warning C4305: '인수': 'double'에서 'const btScalar'(으)로 잘립니다.
  Basin.cpp
c:\bullet3-2.87\src\linearmath\btidebugdraw.h(169): warning C4305: '인수': 'double'에서 'const btScalar'(으)로 잘립니다.
c:\bullet3-2.87\src\linearmath\btidebugdraw.h(170): warning C4305: '인수': 'double'에서 'const btScalar'(으)로 잘립니다.
c:\bullet3-2.87\src\linearmath\btidebugdraw.h(171): warning C4305: '인수': 'double'에서 'const btScalar'(으)로 잘립니다.
  BackBtn.cpp
c:\bullet3-2.87\src\linearmath\btidebugdraw.h(169): warning C4305: '인수': 'double'에서 'const btScalar'(으)로 잘립니다.
c:\bullet3-2.87\src\linearmath\btidebugdraw.h(170): warning C4305: '인수': 'double'에서 'const btScalar'(으)로 잘립니다.
c:\bullet3-2.87\src\linearmath\btidebugdraw.h(171): warning C4305: '인수': 'double'에서 'const btScalar'(으)로 잘립니다.
  Arrow.cpp
c:\bullet3-2.87\src\linearmath\btidebugdraw.h(169): warning C4305: '인수': 'double'에서 'const btScalar'(으)로 잘립니다.
c:\bullet3-2.87\src\linearmath\btidebugdraw.h(170): warning C4305: '인수': 'double'에서 'const btScalar'(으)로 잘립니다.
c:\bullet3-2.87\src\linearmath\btidebugdraw.h(171): warning C4305: '인수': 'double'에서 'const btScalar'(으)로 잘립니다.
  코드를 생성하고 있습니다...
  SoundManager.cpp
c:\bullet3-2.87\src\linearmath\btidebugdraw.h(169): warning C4305: '인수': 'double'에서 'const btScalar'(으)로 잘립니다.
c:\bullet3-2.87\src\linearmath\btidebugdraw.h(170): warning C4305: '인수': 'double'에서 'const btScalar'(으)로 잘립니다.
c:\bullet3-2.87\src\linearmath\btidebugdraw.h(171): warning C4305: '인수': 'double'에서 'const btScalar'(으)로 잘립니다.
  SoundClip.cpp
c:\bullet3-2.87\src\linearmath\btidebugdraw.h(169): warning C4305: '인수': 'double'에서 'const btScalar'(으)로 잘립니다.
c:\bullet3-2.87\src\linearmath\btidebugdraw.h(170): warning C4305: '인수': 'double'에서 'const btScalar'(으)로 잘립니다.
c:\bullet3-2.87\src\linearmath\btidebugdraw.h(171): warning C4305: '인수': 'double'에서 'const btScalar'(으)로 잘립니다.
  RigidBody.cpp
c:\bullet3-2.87\src\linearmath\btidebugdraw.h(169): warning C4305: '인수': 'double'에서 'const btScalar'(으)로 잘립니다.
c:\bullet3-2.87\src\linearmath\btidebugdraw.h(170): warning C4305: '인수': 'double'에서 'const btScalar'(으)로 잘립니다.
c:\bullet3-2.87\src\linearmath\btidebugdraw.h(171): warning C4305: '인수': 'double'에서 'const btScalar'(으)로 잘립니다.
  ProjectileArrow.cpp
c:\bullet3-2.87\src\linearmath\btidebugdraw.h(169): warning C4305: '인수': 'double'에서 'const btScalar'(으)로 잘립니다.
c:\bullet3-2.87\src\linearmath\btidebugdraw.h(170): warning C4305: '인수': 'double'에서 'const btScalar'(으)로 잘립니다.
c:\bullet3-2.87\src\linearmath\btidebugdraw.h(171): warning C4305: '인수': 'double'에서 'const btScalar'(으)로 잘립니다.
c:\users\june7\desktop\framework\armedroids\projectilearrow.cpp(8): warning C4244: '인수': 'double'에서 'float'(으)로 변환하면서 데이터가 손실될 수 있습니다.
  MeshManager.cpp
c:\bullet3-2.87\src\linearmath\btidebugdraw.h(169): warning C4305: '인수': 'double'에서 'const btScalar'(으)로 잘립니다.
c:\bullet3-2.87\src\linearmath\btidebugdraw.h(170): warning C4305: '인수': 'double'에서 'const btScalar'(으)로 잘립니다.
c:\bullet3-2.87\src\linearmath\btidebugdraw.h(171): warning C4305: '인수': 'double'에서 'const btScalar'(으)로 잘립니다.
  InGame.cpp
c:\bullet3-2.87\src\linearmath\btidebugdraw.h(169): warning C4305: '인수': 'double'에서 'const btScalar'(으)로 잘립니다.
c:\bullet3-2.87\src\linearmath\btidebugdraw.h(170): warning C4305: '인수': 'double'에서 'const btScalar'(으)로 잘립니다.
c:\bullet3-2.87\src\linearmath\btidebugdraw.h(171): warning C4305: '인수': 'double'에서 'const btScalar'(으)로 잘립니다.
  FirstTestCam.cpp
c:\bullet3-2.87\src\linearmath\btidebugdraw.h(169): warning C4305: '인수': 'double'에서 'const btScalar'(으)로 잘립니다.
c:\bullet3-2.87\src\linearmath\btidebugdraw.h(170): warning C4305: '인수': 'double'에서 'const btScalar'(으)로 잘립니다.
c:\bullet3-2.87\src\linearmath\btidebugdraw.h(171): warning C4305: '인수': 'double'에서 'const btScalar'(으)로 잘립니다.
  DeviceManager.cpp
c:\bullet3-2.87\src\linearmath\btidebugdraw.h(169): warning C4305: '인수': 'double'에서 'const btScalar'(으)로 잘립니다.
c:\bullet3-2.87\src\linearmath\btidebugdraw.h(170): warning C4305: '인수': 'double'에서 'const btScalar'(으)로 잘립니다.
c:\bullet3-2.87\src\linearmath\btidebugdraw.h(171): warning C4305: '인수': 'double'에서 'const btScalar'(으)로 잘립니다.
c:\users\june7\desktop\framework\armedroids\devicemanager.cpp(178): warning C4244: '인수': 'LONG'에서 'FLOAT'(으)로 변환하면서 데이터가 손실될 수 있습니다.
c:\users\june7\desktop\framework\armedroids\devicemanager.cpp(179): warning C4244: '인수': 'LONG'에서 'FLOAT'(으)로 변환하면서 데이터가 손실될 수 있습니다.
c:\users\june7\desktop\framework\armedroids\devicemanager.cpp(238): warning C4800: 'BOOL': 'true' 또는 'false'로 bool 값을 강제하고 있습니다(성능 경고).
c:\users\june7\desktop\framework\armedroids\devicemanager.cpp(257): warning C4244: '인수': 'LONG'에서 'FLOAT'(으)로 변환하면서 데이터가 손실될 수 있습니다.
c:\users\june7\desktop\framework\armedroids\devicemanager.cpp(258): warning C4244: '인수': 'LONG'에서 'FLOAT'(으)로 변환하면서 데이터가 손실될 수 있습니다.
c:\users\june7\desktop\framework\armedroids\devicemanager.cpp(274): warning C4800: 'BOOL': 'true' 또는 'false'로 bool 값을 강제하고 있습니다(성능 경고).
c:\users\june7\desktop\framework\armedroids\devicemanager.cpp(294): warning C4244: '인수': 'LONG'에서 'FLOAT'(으)로 변환하면서 데이터가 손실될 수 있습니다.
c:\users\june7\desktop\framework\armedroids\devicemanager.cpp(314): warning C4800: 'BOOL': 'true' 또는 'false'로 bool 값을 강제하고 있습니다(성능 경고).
c:\users\june7\desktop\framework\armedroids\devicemanager.cpp(326): warning C4800: 'BOOL': 'true' 또는 'false'로 bool 값을 강제하고 있습니다(성능 경고).
  코드를 생성하고 있습니다...
  Armedroids.vcxproj -> C:\Users\june7\Desktop\framework\x64\Debug\CompEngine.exe
  Armedroids.vcxproj -> C:\Users\june7\Desktop\framework\x64\Debug\CompEngine.pdb (Full PDB)
