d:\lewdif\graduationproject\armedroids\armedroids\x64\debug\vc140.pdb
d:\lewdif\graduationproject\armedroids\armedroids\x64\debug\vc140.idb
d:\lewdif\graduationproject\armedroids\armedroids\x64\debug\battlescene.obj
d:\lewdif\graduationproject\armedroids\armedroids\x64\debug\bonehierarchyloader.obj
d:\lewdif\graduationproject\armedroids\armedroids\x64\debug\camera.obj
d:\lewdif\graduationproject\armedroids\armedroids\x64\debug\gameobject.obj
d:\lewdif\graduationproject\armedroids\armedroids\x64\debug\inifileloaderbase.obj
d:\lewdif\graduationproject\armedroids\armedroids\x64\debug\logo.obj
d:\lewdif\graduationproject\armedroids\armedroids\x64\debug\lucy.obj
d:\lewdif\graduationproject\armedroids\armedroids\x64\debug\main.obj
d:\lewdif\graduationproject\armedroids\armedroids\x64\debug\mainscene.obj
d:\lewdif\graduationproject\armedroids\armedroids\x64\debug\scenemanager.obj
d:\lewdif\graduationproject\armedroids\armedroids\x64\debug\skinnedmesh.obj
d:\lewdif\graduationproject\armedroids\armedroids\x64\debug\devicemanager.obj
d:\lewdif\graduationproject\armedroids\armedroids\x64\debug\timemanager.obj
d:\lewdif\graduationproject\armedroids\armedroids\x64\debug\charecter.obj
d:\lewdif\graduationproject\armedroids\armedroids\x64\debug\hierarchyloader.obj
d:\lewdif\graduationproject\armedroids\armedroids\x64\debug\meshmanager.obj
d:\lewdif\graduationproject\armedroids\armedroids\x64\debug\rendermanager.obj
d:\lewdif\graduationproject\armedroids\armedroids\x64\debug\resourcemanager.obj
d:\lewdif\graduationproject\armedroids\armedroids\x64\debug\vertices.obj
d:\lewdif\graduationproject\armedroids\x64\debug\armedroids.pdb
d:\lewdif\graduationproject\armedroids\x64\debug\armedroids.ilk
d:\lewdif\graduationproject\armedroids\armedroids\x64\debug\armedroids.tlog\cl.command.1.tlog
d:\lewdif\graduationproject\armedroids\armedroids\x64\debug\armedroids.tlog\cl.read.1.tlog
d:\lewdif\graduationproject\armedroids\armedroids\x64\debug\armedroids.tlog\cl.write.1.tlog
d:\lewdif\graduationproject\armedroids\armedroids\x64\debug\armedroids.tlog\link.command.1.tlog
d:\lewdif\graduationproject\armedroids\armedroids\x64\debug\armedroids.tlog\link.read.1.tlog
d:\lewdif\graduationproject\armedroids\armedroids\x64\debug\armedroids.tlog\link.write.1.tlog
