c:\users\june7\desktop\framework\armedroids\x64\debug\vc140.pdb
c:\users\june7\desktop\framework\armedroids\x64\debug\vc140.idb
c:\users\june7\desktop\framework\armedroids\x64\debug\bonehierarchyloader.obj
c:\users\june7\desktop\framework\armedroids\x64\debug\bt3dcollision.obj
c:\users\june7\desktop\framework\armedroids\x64\debug\debugdraw.obj
c:\users\june7\desktop\framework\armedroids\x64\debug\camera.obj
c:\users\june7\desktop\framework\armedroids\x64\debug\component.obj
c:\users\june7\desktop\framework\armedroids\x64\debug\inputmanager.obj
c:\users\june7\desktop\framework\armedroids\x64\debug\main.obj
c:\users\june7\desktop\framework\armedroids\x64\debug\scene.obj
c:\users\june7\desktop\framework\armedroids\x64\debug\scenemanager.obj
c:\users\june7\desktop\framework\armedroids\x64\debug\script.obj
c:\users\june7\desktop\framework\armedroids\x64\debug\skinnedmesh.obj
c:\users\june7\desktop\framework\armedroids\x64\debug\skybox.obj
c:\users\june7\desktop\framework\armedroids\x64\debug\transform3d.obj
c:\users\june7\desktop\framework\armedroids\x64\debug\vertex.obj
c:\users\june7\desktop\framework\armedroids\x64\debug\gamecharecter.obj
c:\users\june7\desktop\framework\armedroids\x64\debug\gameobject.obj
c:\users\june7\desktop\framework\armedroids\x64\debug\rigidbody.obj
c:\users\june7\desktop\framework\armedroids\x64\debug\devicemanager.obj
c:\users\june7\desktop\framework\armedroids\x64\debug\firsttestcam.obj
c:\users\june7\desktop\framework\armedroids\x64\debug\drawshape.obj
c:\users\june7\desktop\framework\armedroids\x64\debug\image.obj
c:\users\june7\desktop\framework\armedroids\x64\debug\transform2d.obj
c:\users\june7\desktop\framework\armedroids\x64\debug\button.obj
c:\users\june7\desktop\framework\armedroids\x64\debug\soundclip.obj
c:\users\june7\desktop\framework\armedroids\x64\debug\soundmanager.obj
c:\users\june7\desktop\framework\x64\debug\compengine.ilk
c:\users\june7\desktop\framework\x64\debug\compengine.exe
c:\users\june7\desktop\framework\x64\debug\compengine.pdb
c:\users\june7\desktop\framework\armedroids\x64\debug\armedroids.vcxprojresolveassemblyreference.cache
c:\users\june7\desktop\framework\armedroids\x64\debug\bt3drigidbody.obj
c:\users\june7\desktop\framework\armedroids\x64\debug\inifileloaderbase.obj
c:\users\june7\desktop\framework\armedroids\x64\debug\meshmanager.obj
c:\users\june7\desktop\framework\armedroids\x64\debug\scenerender.obj
c:\users\june7\desktop\framework\armedroids\x64\debug\timemanager.obj
c:\users\june7\desktop\framework\armedroids\x64\debug\gameobject.obj.enc
c:\users\june7\desktop\framework\armedroids\x64\debug\scenemanager.obj.enc
c:\users\june7\desktop\framework\armedroids\x64\debug\compengine.tlog\cl.command.1.tlog
c:\users\june7\desktop\framework\armedroids\x64\debug\compengine.tlog\cl.read.1.tlog
c:\users\june7\desktop\framework\armedroids\x64\debug\compengine.tlog\cl.write.1.tlog
c:\users\june7\desktop\framework\armedroids\x64\debug\compengine.tlog\link.command.1.tlog
c:\users\june7\desktop\framework\armedroids\x64\debug\compengine.tlog\link.read.1.tlog
c:\users\june7\desktop\framework\armedroids\x64\debug\compengine.tlog\link.write.1.tlog
